2020-11-29 12:31:53.199 -03:00 [INF] Iniciou o processamento dos produtos...
2020-11-29 12:31:53.222 -03:00 [INF] Buscando produtos...
2020-11-29 12:31:53.592 -03:00 [INF] Quantidade de produtos buscados: 78920
2020-11-29 12:33:56.947 -03:00 [INF] Iniciou o processamento dos produtos...
2020-11-29 12:33:56.991 -03:00 [INF] Buscando produtos...
2020-11-29 12:33:57.955 -03:00 [INF] Quantidade de produtos buscados: 78920
2020-11-29 12:34:16.866 -03:00 [INF] Iniciou o processamento dos produtos...
2020-11-29 12:34:16.901 -03:00 [INF] Buscando produtos...
2020-11-29 12:34:17.455 -03:00 [INF] Quantidade de produtos buscados: 78920
2020-11-29 12:34:34.407 -03:00 [INF] Iniciou o processamento dos produtos...
2020-11-29 12:34:34.427 -03:00 [INF] Buscando produtos...
2020-11-29 12:34:34.812 -03:00 [INF] Quantidade de produtos buscados: 78920
2020-11-29 12:38:35.010 -03:00 [INF] Iniciou o processamento dos produtos...
2020-11-29 12:38:35.030 -03:00 [INF] Buscando produtos...
2020-11-29 12:38:35.387 -03:00 [INF] Quantidade de produtos buscados: 78920
2020-11-29 12:44:36.561 -03:00 [INF] Iniciou o processamento dos produtos...
2020-11-29 12:44:36.580 -03:00 [INF] Buscando produtos...
2020-11-29 12:44:36.930 -03:00 [INF] Quantidade de produtos buscados: 78920
2020-11-29 12:44:36.938 -03:00 [INF] Serigalizando o arquivo...
2020-11-29 12:44:37.380 -03:00 [INF] Processo finalizado..
2020-11-29 12:44:46.425 -03:00 [INF] Iniciou o processamento dos produtos...
2020-11-29 12:44:46.445 -03:00 [INF] Deserializando....
2020-11-29 12:44:46.916 -03:00 [INF] Buscando produtos...
2020-11-29 12:44:47.282 -03:00 [INF] Quantidade de produtos buscados: 78920
2020-11-29 12:44:47.286 -03:00 [INF] Vou comparar lista...
2020-11-29 12:44:47.403 -03:00 [INF] Serigalizando o arquivo...
2020-11-29 12:44:47.846 -03:00 [INF] Processo finalizado..
2020-11-29 12:46:29.886 -03:00 [INF] Iniciou o processamento dos produtos...
2020-11-29 12:46:29.905 -03:00 [INF] Deserializando....
2020-11-29 12:46:30.392 -03:00 [INF] Buscando produtos...
2020-11-29 12:46:30.773 -03:00 [INF] Quantidade de produtos buscados: 78920
2020-11-29 12:46:30.774 -03:00 [INF] Vou comparar lista...
2020-11-29 12:46:30.784 -03:00 [INF] Esse produto foi alterado: 2845 NIFEDIPRESS RETARD RETARD 20MG 30COMP teste
2020-11-29 12:46:30.900 -03:00 [INF] Produto: NIFEDIPRESS RETARD RETARD 20MG 30COMP teste
2020-11-29 12:46:30.906 -03:00 [INF] Serigalizando o arquivo...
2020-11-29 12:46:31.319 -03:00 [INF] Processo finalizado..
2020-11-29 13:20:05.673 -03:00 [INF] Iniciou o processamento dos produtos...
2020-11-29 13:20:05.697 -03:00 [INF] Deserializando....
2020-11-29 13:20:06.240 -03:00 [INF] Buscando produtos...
2020-11-29 13:20:06.701 -03:00 [INF] Quantidade de produtos buscados: 78920
2020-11-29 13:20:06.704 -03:00 [INF] Vou comparar lista...
2020-11-29 13:20:06.719 -03:00 [INF] Esse produto foi alterado: 2845 NIFEDIPRESS RETARD RETARD 20MG 30COMP
2020-11-29 13:20:06.883 -03:00 [INF] Produto: NIFEDIPRESS RETARD RETARD 20MG 30COMP
2020-11-29 13:20:06.892 -03:00 [INF] Serigalizando o arquivo...
2020-11-29 13:20:07.472 -03:00 [INF] Processo finalizado..
2020-11-29 13:33:03.465 -03:00 [INF] Iniciou o processamento dos produtos...
2020-11-29 13:33:03.486 -03:00 [INF] Deserializando....
2020-11-29 13:33:03.978 -03:00 [INF] Buscando produtos...
2020-11-29 13:33:04.416 -03:00 [INF] Quantidade de produtos buscados: 78920
2020-11-29 13:33:04.418 -03:00 [INF] Vou comparar lista...
2020-11-29 13:33:04.555 -03:00 [INF] Serigalizando o arquivo...
2020-11-29 13:33:04.930 -03:00 [INF] Processo finalizado..
2020-11-29 13:47:20.163 -03:00 [INF] Iniciou o processamento dos produtos...
2020-11-29 13:47:20.182 -03:00 [INF] Deserializando....
2020-11-29 13:47:20.690 -03:00 [INF] Buscando produtos...
2020-11-29 13:47:21.051 -03:00 [INF] Quantidade de produtos buscados: 78920
2020-11-29 13:47:21.053 -03:00 [INF] Vou comparar lista...
2020-11-29 13:47:21.167 -03:00 [INF] Serigalizando o arquivo...
2020-11-29 13:47:21.697 -03:00 [INF] Processo finalizado..
2020-11-29 13:48:50.124 -03:00 [INF] Iniciou o processamento dos produtos...
2020-11-29 13:48:50.144 -03:00 [INF] Deserializando....
2020-11-29 13:48:50.631 -03:00 [INF] Buscando produtos...
2020-11-29 13:48:51.001 -03:00 [INF] Quantidade de produtos buscados: 78920
2020-11-29 13:48:51.004 -03:00 [INF] Vou comparar lista...
2020-11-29 13:48:51.138 -03:00 [INF] Serigalizando o arquivo...
2020-11-29 13:48:51.555 -03:00 [INF] Processo finalizado..
2020-11-29 14:06:15.798 -03:00 [INF] Iniciou o processamento dos produtos...
2020-11-29 14:06:15.817 -03:00 [INF] Deserializando....
2020-11-29 14:06:16.324 -03:00 [INF] Buscando produtos...
2020-11-29 14:06:16.696 -03:00 [INF] Quantidade de produtos buscados: 78920
2020-11-29 14:06:16.698 -03:00 [INF] Vou comparar lista...
2020-11-29 14:06:16.801 -03:00 [INF] Serigalizando o arquivo...
2020-11-29 14:06:17.253 -03:00 [INF] Processo finalizado..
2020-11-29 14:06:34.797 -03:00 [INF] Iniciou o processamento dos produtos...
2020-11-29 14:06:34.817 -03:00 [INF] Deserializando....
2020-11-29 14:06:35.304 -03:00 [INF] Buscando produtos...
2020-11-29 14:06:35.662 -03:00 [INF] Quantidade de produtos buscados: 78920
2020-11-29 14:06:35.664 -03:00 [INF] Vou comparar lista...
2020-11-29 14:06:35.778 -03:00 [INF] Serigalizando o arquivo...
2020-11-29 14:06:36.208 -03:00 [INF] Processo finalizado..
2020-11-29 14:07:01.911 -03:00 [INF] Iniciou o processamento dos produtos...
2020-11-29 14:07:01.931 -03:00 [INF] Deserializando....
2020-11-29 14:07:02.411 -03:00 [INF] Buscando produtos...
2020-11-29 14:07:02.765 -03:00 [INF] Quantidade de produtos buscados: 78920
2020-11-29 14:07:02.767 -03:00 [INF] Vou comparar lista...
2020-11-29 14:07:02.871 -03:00 [INF] Serigalizando o arquivo...
2020-11-29 14:07:03.321 -03:00 [INF] Processo finalizado..
2020-11-29 14:07:44.259 -03:00 [INF] Iniciou o processamento dos produtos...
2020-11-29 14:07:44.281 -03:00 [INF] Deserializando....
2020-11-29 14:07:44.797 -03:00 [INF] Buscando produtos...
2020-11-29 14:07:45.162 -03:00 [INF] Quantidade de produtos buscados: 78920
2020-11-29 14:07:45.164 -03:00 [INF] Vou comparar lista...
2020-11-29 14:07:45.278 -03:00 [INF] Serigalizando o arquivo...
2020-11-29 14:07:45.720 -03:00 [INF] Processo finalizado..
2020-11-29 14:11:54.364 -03:00 [INF] Iniciou o processamento dos produtos...
2020-11-29 14:11:54.416 -03:00 [INF] Deserializando....
2020-11-29 14:11:54.984 -03:00 [INF] Buscando produtos...
2020-11-29 14:11:55.393 -03:00 [INF] Quantidade de produtos buscados: 78920
2020-11-29 14:11:55.394 -03:00 [INF] Vou comparar lista...
2020-11-29 14:11:55.539 -03:00 [INF] Serigalizando o arquivo...
2020-11-29 14:11:56.004 -03:00 [INF] Processo finalizado..
2020-11-30 11:43:13.035 -03:00 [INF] Iniciou o processamento dos produtos...
2020-11-30 11:43:13.056 -03:00 [INF] Deserializando....
2020-11-30 11:43:13.663 -03:00 [INF] Buscando produtos...
2020-11-30 11:43:15.257 -03:00 [INF] Quantidade de produtos buscados: 78920
2020-11-30 11:43:15.258 -03:00 [INF] Vou comparar lista...
2020-11-30 11:43:15.501 -03:00 [INF] Serigalizando o arquivo...
2020-11-30 11:43:16.044 -03:00 [INF] Processo finalizado..
2020-11-30 11:44:20.141 -03:00 [INF] Iniciou o processamento dos produtos...
2020-11-30 11:44:20.171 -03:00 [INF] Deserializando....
2020-11-30 11:44:20.958 -03:00 [INF] Buscando produtos...
2020-11-30 11:44:21.548 -03:00 [INF] Quantidade de produtos buscados: 78920
2020-11-30 11:44:21.551 -03:00 [INF] Vou comparar lista...
2020-11-30 11:44:21.742 -03:00 [INF] Serigalizando o arquivo...
2020-11-30 11:44:22.396 -03:00 [INF] Processo finalizado..
2020-11-30 11:44:40.910 -03:00 [INF] Iniciou o processamento dos produtos...
2020-11-30 11:44:40.931 -03:00 [INF] Deserializando....
2020-11-30 11:44:41.668 -03:00 [INF] Buscando produtos...
2020-11-30 11:44:42.191 -03:00 [INF] Quantidade de produtos buscados: 78920
2020-11-30 11:44:42.194 -03:00 [INF] Vou comparar lista...
2020-11-30 11:44:42.401 -03:00 [INF] Serigalizando o arquivo...
2020-11-30 11:44:43.088 -03:00 [INF] Processo finalizado..
2020-11-30 17:35:23.143 -03:00 [INF] Iniciou o processamento dos produtos...
